proguard-android.txt
# This is a configuration file for ProGuard.
# http://proguard.sourceforge.net/index.html#manual/usage.html
# 指定代码的压缩级别
-optimizationpasses   5
# 是否使用大小写混合                                                         
-dontusemixedcaseclassnames  
# 是否混淆第三方jar                                                   
-dontskipnonpubliclibraryclasses    
# 混淆时是否做预校验                                            
-dontpreverify  
# 混淆时是否记录日志                                                                
-verbose   
# 混淆时所采用的算法                                                                     
-optimizations !code/simplification/arithmetic,!field/*,!class/merging/*
-ignorewarnings

# AndroidManifest中几大组件不被混淆
-keep public class * extends android.app.Activity
-keep public class * extends android.preference.PreferenceActivity
-keep public class * extends android.app.Application
-keep public class * extends android.app.Service
-keep public class * extends android.content.BroadcastReceiver
-keep public class * extends android.content.ContentProvider
-keep public class * extends android.app.backup.BackupAgentHelper
-keep public class * extends android.preference.Preference
-keep public class com.android.vending.licensing.ILicensingService  

# 保持 native 方法不被混淆
-keepclasseswithmembernames class * {
    native <methods>;
} 

# 保持自定义控件类不被混淆
-keepclasseswithmembers class * {
    public <init>(android.content.Context, android.util.AttributeSet);
}    
-keepclasseswithmembers class * {
    public <init>(android.content.Context, android.util.AttributeSet, int);
}
-keepclassmembers class * extends android.app.Activity {
   public void *(android.view.View);
}

# 保持枚举 enum 类不被混淆
-keepclassmembers enum * {
    public static **[] values();
    public static ** valueOf(java.lang.String);
}

# 保持 Parcelable 不被混淆
-keep class * implements android.os.Parcelable {
  public static final android.os.Parcelable$Creator *;
}
# 保持反射类类不被混淆
-keepclassmembers class **.R$* {
    public static <fields>;
}

# keep setters in Views so that animations can still work.
# see http://proguard.sourceforge.net/manual/examples.html#beans
-keepclassmembers public class * extends android.view.View {
   void set*(***);
   *** get*();
}

# The support library contains references to newer platform versions.
# Don't warn about those in case this app is linking against an older
# platform version.  We know about them, and they are safe.
-dontwarn android.support.**

# 过滤用到 annotation的地方
-keepattributes *Annotation*

# webview
-keep public class android.webkit.** {*;}

# android\support\v4
-keep public class android.support.v4.** {*;}

# 过滤发送邮件
-keep class com.sun.** {*;}
-keep class javax.** {*;}
-keep class org.apache.harmony.** {*;}

# EventBus
-keepclassmembers class ** {
    public void onEvent*(**);
}