proguard/seeds.txt
com.android.baseline.AppDroid
com.android.baseline.AppDroid: AppDroid()
com.android.baseline.R$drawable: int ic_launcher
com.android.baseline.R$drawable: int loading_dialog_bg
com.android.baseline.R$id: int loadingView
com.android.baseline.R$id: int loading_progressBar
com.android.baseline.R$id: int result_txt
com.android.baseline.R$id: int testHttp
com.android.baseline.R$id: int testTask
com.android.baseline.R$id: int test_btn
com.android.baseline.R$id: int test_fragment
com.android.baseline.R$id: int textView1
com.android.baseline.R$id: int tipTextView
com.android.baseline.R$layout: int activity_test
com.android.baseline.R$layout: int dialog_loading
com.android.baseline.R$layout: int fragment_test
com.android.baseline.R$layout: int layout_loading
com.android.baseline.R$string: int app_name
com.android.baseline.R$string: int loading_text
com.android.baseline.R$style: int AppTheme
com.android.baseline.R$style: int loading_dialog
com.android.baseline.framework.ui.BasicActivity
com.android.baseline.framework.ui.BasicActivity: BasicActivity()
com.android.baseline.framework.ui.BasicFragment: BasicFragment()
com.android.baseline.framework.ui.BasicFragment: void onEventMainThread(android.os.Message)
com.android.baseline.framework.ui.base.BaseActivity
com.android.baseline.framework.ui.base.BaseActivity: BaseActivity()
com.android.baseline.framework.ui.base.BaseActivity: void setContentView(android.view.View)
com.android.baseline.framework.ui.base.BaseActivity: void onEventMainThread(android.os.Message)
com.android.baseline.test.TestActivity
com.android.baseline.test.TestActivity: TestActivity()
com.android.baseline.test.TestActivity: void userLogin(android.view.View)
com.android.baseline.test.TestFragment
com.android.baseline.test.TestFragment: TestFragment()
...
javax.mail.MessageAware
javax.mail.MessageAware: javax.mail.MessageContext getMessageContext()
javax.mail.MessageContext
javax.mail.MessageContext: javax.mail.Part part
javax.mail.MessageContext: MessageContext(javax.mail.Part)
javax.mail.MessageContext: javax.mail.Part getPart()
javax.mail.MessageContext: javax.mail.Message getMessage()
javax.mail.MessageContext: javax.mail.Message getMessage(javax.mail.Part)
javax.mail.MessageContext: javax.mail.Session getSession()
javax.mail.MessageRemovedException
javax.mail.MessageRemovedException: long serialVersionUID
javax.mail.MessageRemovedException: MessageRemovedException()
javax.mail.MessageRemovedException: MessageRemovedException(java.lang.String)
javax.mail.MessagingException
javax.mail.MessagingException: java.lang.Exception next
javax.mail.MessagingException: long serialVersionUID
javax.mail.MessagingException: MessagingException()
javax.mail.MessagingException: MessagingException(java.lang.String)
javax.mail.MessagingException: MessagingException(java.lang.String,java.lang.Exception)
javax.mail.MessagingException: java.lang.Exception getNextException()
javax.mail.MessagingException: java.lang.Throwable getCause()
javax.mail.MessagingException: boolean setNextException(java.lang.Exception)
javax.mail.MessagingException: java.lang.String toString()
javax.mail.MessagingException: java.lang.String superToString()
javax.mail.MethodNotSupportedException
javax.mail.MethodNotSupportedException: long serialVersionUID
javax.mail.MethodNotSupportedException: MethodNotSupportedException()
javax.mail.MethodNotSupportedException: MethodNotSupportedException(java.lang.String)
javax.mail.Multipart
javax.mail.Multipart: java.util.Vector parts
javax.mail.Multipart: java.lang.String contentType
javax.mail.Multipart: javax.mail.Part parent
javax.mail.Multipart: Multipart()
javax.mail.Multipart: void setMultipartDataSource(javax.mail.MultipartDataSource)
javax.mail.Multipart: java.lang.String getContentType()
javax.mail.Multipart: int getCount()
javax.mail.Multipart: javax.mail.BodyPart getBodyPart(int)
javax.mail.Multipart: boolean removeBodyPart(javax.mail.BodyPart)
javax.mail.Multipart: void removeBodyPart(int)
javax.mail.Multipart: void addBodyPart(javax.mail.BodyPart)
javax.mail.Multipart: void addBodyPart(javax.mail.BodyPart,int)
javax.mail.Multipart: void writeTo(java.io.OutputStream)
javax.mail.Multipart: javax.mail.Part getParent()
javax.mail.Multipart: void setParent(javax.mail.Part)
javax.mail.MultipartDataSource
javax.mail.MultipartDataSource: int getCount()
javax.mail.MultipartDataSource: javax.mail.BodyPart getBodyPart(int)
javax.mail.NoSuchProviderException
javax.mail.NoSuchProviderException: long serialVersionUID
javax.mail.NoSuchProviderException: NoSuchProviderException()
javax.mail.NoSuchProviderException: NoSuchProviderException(java.lang.String)