proguard/mapping.txt
com.android.baseline.AppDroid -> com.android.baseline.AppDroid:
    com.android.baseline.AppDroid sInstance -> a
    com.android.baseline.util.anrwatchdog.ANRWatchDog anrWatchDog -> b
    void onCreate() -> onCreate
    com.android.baseline.AppDroid getInstance() -> a
    void onTerminate() -> onTerminate
com.android.baseline.framework.asyncquery.ITask -> com.android.baseline.framework.a.a:
    java.lang.Object doInBackground() -> a
com.android.baseline.framework.asyncquery.Task -> com.android.baseline.framework.a.b:
    int mTaskId -> a
    de.greenrobot.event.EventBus eventBus -> b
    void run() -> run
com.android.baseline.framework.asyncquery.TaskExecutor -> com.android.baseline.framework.a.c:
    java.util.concurrent.ThreadFactory sThreadFactory -> e
    java.util.concurrent.BlockingQueue sPoolWorkQueue -> f
    java.util.concurrent.Executor THREAD_POOL_EXECUTOR -> a
    java.util.concurrent.Executor SERIAL_EXECUTOR -> b
    java.util.concurrent.Executor DUAL_THREAD_EXECUTOR -> c
    java.util.concurrent.Executor CACHED_EXECUTOR -> d
    java.util.concurrent.Executor sDefaultExecutor -> g
    com.android.baseline.framework.asyncquery.TaskExecutor sInstance -> h
    com.android.baseline.framework.asyncquery.TaskExecutor getInstance() -> a
    void execute(com.android.baseline.framework.asyncquery.ITask) -> a
com.android.baseline.framework.asyncquery.TaskExecutor$1 -> com.android.baseline.framework.a.d:
    java.util.concurrent.atomic.AtomicInteger mCount -> a
    java.lang.Thread newThread(java.lang.Runnable) -> newThread
com.android.baseline.framework.asyncquery.TaskExecutor$SerialExecutor -> com.android.baseline.framework.a.e:
    java.util.LinkedList mTasks -> a
    java.lang.Runnable mActive -> b
    void execute(java.lang.Runnable) -> execute
    void scheduleNext() -> a
com.android.baseline.framework.asyncquery.TaskExecutor$SerialExecutor$1 -> com.android.baseline.framework.a.f:
    com.android.baseline.framework.asyncquery.TaskExecutor$SerialExecutor this$1 -> a
    java.lang.Runnable val$r -> b
    void run() -> run
com.android.baseline.framework.log.LogCache -> com.android.baseline.framework.b.a:
    com.android.baseline.framework.log.LogCache INSTANCE -> a
    java.util.GregorianCalendar CALENDAR_INSTANCE -> b
    java.text.DateFormat TIME_FORMAT -> c
    java.util.concurrent.BlockingQueue queue -> d
    boolean started -> e
    java.lang.Thread logWorkerThread -> f
    com.android.baseline.framework.log.LogWriter logWriter -> g
    int counter -> h
    com.android.baseline.framework.log.LogCache getInstance() -> a
    void write(java.lang.String,java.lang.String,java.lang.String,long,java.lang.String) -> a
    boolean isExternalMemoryAvailable(java.lang.String) -> a
    boolean isStarted() -> b
    void start() -> c
    int access$0(com.android.baseline.framework.log.LogCache) -> a
    void access$1(com.android.baseline.framework.log.LogCache,int) -> a
    boolean access$2(com.android.baseline.framework.log.LogCache) -> b
    java.util.concurrent.BlockingQueue access$3(com.android.baseline.framework.log.LogCache) -> c
    com.android.baseline.framework.log.LogWriter access$4(com.android.baseline.framework.log.LogCache) -> d
    void access$5(com.android.baseline.framework.log.LogCache,java.lang.Thread) -> a
    void access$6$7296f6de(com.android.baseline.framework.log.LogCache) -> e
com.android.baseline.framework.log.LogCache$LogTask -> com.android.baseline.framework.b.b:
    com.android.baseline.framework.log.LogCache this$0 -> a
    void run() -> run
...
android.support.v4.view.AccessibilityDelegateCompatIcs$1 -> android.support.v4.view.g:
    android.support.v4.view.AccessibilityDelegateCompatIcs$AccessibilityDelegateBridge val$bridge -> a
    boolean dispatchPopulateAccessibilityEvent(android.view.View,android.view.accessibility.AccessibilityEvent) -> dispatchPopulateAccessibilityEvent
    void onInitializeAccessibilityEvent(android.view.View,android.view.accessibility.AccessibilityEvent) -> onInitializeAccessibilityEvent
    void onInitializeAccessibilityNodeInfo(android.view.View,android.view.accessibility.AccessibilityNodeInfo) -> onInitializeAccessibilityNodeInfo
    void onPopulateAccessibilityEvent(android.view.View,android.view.accessibility.AccessibilityEvent) -> onPopulateAccessibilityEvent
    boolean onRequestSendAccessibilityEvent(android.view.ViewGroup,android.view.View,android.view.accessibility.AccessibilityEvent) -> onRequestSendAccessibilityEvent
    void sendAccessibilityEvent(android.view.View,int) -> sendAccessibilityEvent
    void sendAccessibilityEventUnchecked(android.view.View,android.view.accessibility.AccessibilityEvent) -> sendAccessibilityEventUnchecked
android.support.v4.view.AccessibilityDelegateCompatIcs$AccessibilityDelegateBridge -> android.support.v4.view.AccessibilityDelegateCompatIcs$AccessibilityDelegateBridge:
    boolean dispatchPopulateAccessibilityEvent(android.view.View,android.view.accessibility.AccessibilityEvent) -> dispatchPopulateAccessibilityEvent
    void onInitializeAccessibilityEvent(android.view.View,android.view.accessibility.AccessibilityEvent) -> onInitializeAccessibilityEvent
    void onInitializeAccessibilityNodeInfo(android.view.View,java.lang.Object) -> onInitializeAccessibilityNodeInfo
    void onPopulateAccessibilityEvent(android.view.View,android.view.accessibility.AccessibilityEvent) -> onPopulateAccessibilityEvent
    boolean onRequestSendAccessibilityEvent(android.view.ViewGroup,android.view.View,android.view.accessibility.AccessibilityEvent) -> onRequestSendAccessibilityEvent
    void sendAccessibilityEvent(android.view.View,int) -> sendAccessibilityEvent
    void sendAccessibilityEventUnchecked(android.view.View,android.view.accessibility.AccessibilityEvent) -> sendAccessibilityEventUnchecked
android.support.v4.view.AccessibilityDelegateCompatJellyBean -> android.support.v4.view.AccessibilityDelegateCompatJellyBean:
android.support.v4.view.AccessibilityDelegateCompatJellyBean$1 -> android.support.v4.view.h:
    android.support.v4.view.AccessibilityDelegateCompatJellyBean$AccessibilityDelegateBridgeJellyBean val$bridge -> a
    boolean dispatchPopulateAccessibilityEvent(android.view.View,android.view.accessibility.AccessibilityEvent) -> dispatchPopulateAccessibilityEvent
    void onInitializeAccessibilityEvent(android.view.View,android.view.accessibility.AccessibilityEvent) -> onInitializeAccessibilityEvent
    void onInitializeAccessibilityNodeInfo(android.view.View,android.view.accessibility.AccessibilityNodeInfo) -> onInitializeAccessibilityNodeInfo
    void onPopulateAccessibilityEvent(android.view.View,android.view.accessibility.AccessibilityEvent) -> onPopulateAccessibilityEvent
    boolean onRequestSendAccessibilityEvent(android.view.ViewGroup,android.view.View,android.view.accessibility.AccessibilityEvent) -> onRequestSendAccessibilityEvent
    void sendAccessibilityEvent(android.view.View,int) -> sendAccessibilityEvent
    void sendAccessibilityEventUnchecked(android.view.View,android.view.accessibility.AccessibilityEvent) -> sendAccessibilityEventUnchecked