proguard/usage.txt
com.android.baseline.BuildConfig
com.android.baseline.R
com.android.baseline.R$attr
com.android.baseline.R$drawable
com.android.baseline.R$id
com.android.baseline.R$layout
com.android.baseline.R$string
com.android.baseline.R$style
com.android.baseline.framework.asyncquery.TaskExecutor:
    private static final int CORE_POOL_SIZE
    private static final int MAXIMUM_POOL_SIZE
    private static final int KEEP_ALIVE
com.android.baseline.framework.db.BaseDAO
com.android.baseline.framework.db.BaseDAO$SingleInstanceHolder
com.android.baseline.framework.db.DBHelper
com.android.baseline.framework.db.DBHelper$DataBaseHelper
com.android.baseline.framework.log.LogCache:
    public static final java.lang.String TAG
    public static final int FILE_AMOUNT
    public static final long MAXSIZE_PERFILE
    private static final long MIX_SIZE
    77:80:private LogCache(java.lang.String)
    166:173:public void writeBegin()
    215:220:public synchronized long getCacheSize()
    230:230:public boolean isLogThreadNull()
    262:274:public synchronized void stop()
com.android.baseline.framework.log.LogWriter:
    public static final java.lang.String TAG
    private static final int BYTESIZE
    226:226:public boolean isCurrentAvailable(java.lang.String)
    270:277:private boolean deleteAllOthers()
    339:351:public void copyTo(java.io.File)
    363:374:public java.lang.String getTextInfo(java.io.File)
com.android.baseline.framework.log.Logger:
    public static final java.lang.String TAG
    public static final java.lang.String LOG_FILE_SUFFIX
    public static final int STACK_COUNT
    public static final long MAXSIZE_PERFILE
    public static final int VERBOSE
    public static final int DEBUG
    public static final int INFO
    public static final int WARN
    public static final int ERROR
    116:118:private Logger()
    216:216:public static int v(java.lang.String,java.lang.String,java.lang.Throwable)
    247:247:public static int d(java.lang.String,java.lang.String,java.lang.Throwable)
    262:262:public static int i(java.lang.String,java.lang.String)
    278:278:public static int i(java.lang.String,java.lang.String,java.lang.Throwable)
    309:309:public static int w(java.lang.String,java.lang.String,java.lang.Throwable)
    341:341:public static int e(java.lang.String,java.lang.String)
    356:356:public static int e(java.lang.String,java.lang.Throwable)
    428:429:public static synchronized void stopService()
com.android.baseline.framework.log.util.FileUtil:
    private static final java.lang.String TAG
    private static final int MAX_FILE_COUNT
    private static final int WAIT_TIME
    32:34:private FileUtil()
    81:106:public static java.lang.String read(android.content.Context,java.lang.String)
    121:137:public static void write(android.content.Context,java.lang.String,java.lang.String)
com.android.baseline.framework.log.util.MemoryStatus:
    private static final int ERROR
    private static final long RESERVED_SIZE
    private static final int BYTE_SIZE
    private static final int OFFSET_LENGTH
    36:38:private MemoryStatus()
    62:66:public static long getAvailableInternalMemorySize()
    78:82:public static long getTotalInternalMemorySize()
    115:124:public static long getTotalExternalMemorySize()
    137:164:public static java.lang.String formatSize(long)
    192:193:public static boolean isInternalMemoryAvailable(long)
    206:216:public static boolean isMemoryAvailable(long)
    229:232:public static long getSpecificMemoryAvaliable(java.lang.String)
    246:247:public static boolean isSpecificMemoryAvailable(long,java.lang.String)
...
android.support.v4.view.accessibility.AccessibilityNodeProviderCompatJellyBean:
    28:29:AccessibilityNodeProviderCompatJellyBean()
android.support.v4.view.accessibility.AccessibilityNodeProviderCompatJellyBean$1:
    41:41:public android.view.accessibility.AccessibilityNodeInfo createAccessibilityNodeInfo(int)
    49:49:public java.util.List findAccessibilityNodeInfosByText(java.lang.String,int)
    55:55:public boolean performAction(int,int,android.os.Bundle)
android.support.v4.view.accessibility.AccessibilityNodeProviderCompatJellyBean$AccessibilityNodeInfoBridge:
    public abstract java.lang.Object createAccessibilityNodeInfo(int)
    public abstract boolean performAction(int,int,android.os.Bundle)
    public abstract java.util.List findAccessibilityNodeInfosByText(java.lang.String,int)
android.support.v4.view.accessibility.AccessibilityRecordCompatIcs:
    28:28:AccessibilityRecordCompatIcs()
android.support.v4.view.accessibility.AccessibilityRecordCompatIcsMr1:
    24:24:AccessibilityRecordCompatIcsMr1()
android.support.v4.view.accessibility.AccessibilityRecordCompatJellyBean:
    25:25:AccessibilityRecordCompatJellyBean()
android.support.v4.widget.EdgeEffectCompatIcs:
    28:28:EdgeEffectCompatIcs()
android.support.v4.widget.ScrollerCompat
android.support.v4.widget.ScrollerCompat$ScrollerCompatImplIcs
android.support.v4.widget.ScrollerCompatIcs
android.support.v4.widget.SearchViewCompatHoneycomb:
    27:29:SearchViewCompatHoneycomb()
com.alibaba.fastjson.JSON
com.alibaba.fastjson.JSONArray
com.alibaba.fastjson.JSONAware
com.alibaba.fastjson.JSONException
com.alibaba.fastjson.JSONObject
com.alibaba.fastjson.JSONReader
com.alibaba.fastjson.JSONStreamAware
com.alibaba.fastjson.JSONStreamContext
com.alibaba.fastjson.JSONWriter
com.alibaba.fastjson.TypeReference
com.alibaba.fastjson.TypeReference$1
com.alibaba.fastjson.annotation.JSONCreator
com.alibaba.fastjson.annotation.JSONField
com.alibaba.fastjson.annotation.JSONType
com.alibaba.fastjson.parser.AbstractJSONParser
com.alibaba.fastjson.parser.DefaultJSONParser
com.alibaba.fastjson.parser.DefaultJSONParser$ResolveTask
com.alibaba.fastjson.parser.Feature
com.alibaba.fastjson.parser.JSONLexer
com.alibaba.fastjson.parser.JSONLexerBase
com.alibaba.fastjson.parser.JSONReaderScanner
com.alibaba.fastjson.parser.JSONScanner
com.alibaba.fastjson.parser.JSONToken
com.alibaba.fastjson.parser.ParseContext
com.alibaba.fastjson.parser.ParserConfig
com.alibaba.fastjson.parser.SymbolTable
com.alibaba.fastjson.parser.SymbolTable$Entry
com.alibaba.fastjson.parser.deserializer.AbstractDateDeserializer
com.alibaba.fastjson.parser.deserializer.ArrayDeserializer
com.alibaba.fastjson.parser.deserializer.ArrayListTypeFieldDeserializer
com.alibaba.fastjson.parser.deserializer.BooleanFieldDeserializer
com.alibaba.fastjson.parser.deserializer.CharArrayDeserializer
com.alibaba.fastjson.parser.deserializer.ClassDerializer
com.alibaba.fastjson.parser.deserializer.CollectionDeserializer
com.alibaba.fastjson.parser.deserializer.CollectionResolveFieldDeserializer
com.alibaba.fastjson.parser.deserializer.DateDeserializer
com.alibaba.fastjson.parser.deserializer.DateFormatDeserializer
com.alibaba.fastjson.parser.deserializer.DefaultFieldDeserializer
com.alibaba.fastjson.parser.deserializer.EnumDeserializer
com.alibaba.fastjson.parser.deserializer.ExtraProcessor
com.alibaba.fastjson.parser.deserializer.ExtraTypeProvider
com.alibaba.fastjson.parser.deserializer.FieldDeserializer
com.alibaba.fastjson.parser.deserializer.IntegerFieldDeserializer
com.alibaba.fastjson.parser.deserializer.JSONArrayDeserializer
com.alibaba.fastjson.parser.deserializer.JSONObjectDeserializer
com.alibaba.fastjson.parser.deserializer.JavaBeanDeserializer
com.alibaba.fastjson.parser.deserializer.JavaObjectDeserializer
com.alibaba.fastjson.parser.deserializer.ListResolveFieldDeserializer
com.alibaba.fastjson.parser.deserializer.LongFieldDeserializer
com.alibaba.fastjson.parser.deserializer.MapDeserializer